#
# There is insufficient memory for the Java Runtime Environment to continue.
# Native memory allocation (mmap) failed to map 493879296 bytes for committing reserved memory.
# Possible reasons:
#   The system is out of physical RAM or swap space
#   In 32 bit mode, the process size limit was hit
# Possible solutions:
#   Reduce memory load on the system
#   Increase physical memory or swap space
#   Check if swap backing store is full
#   Use 64 bit Java on a 64 bit OS
#   Decrease Java heap size (-Xmx/-Xms)
#   Decrease number of Java threads
#   Decrease Java thread stack sizes (-Xss)
#   Set larger code cache with -XX:ReservedCodeCacheSize=
# This output file may be truncated or incomplete.
#
#  Out of Memory Error (os_linux.cpp:2640), pid=42439, tid=0x00007fd786b34700
#
# JRE version: Java(TM) SE Runtime Environment (8.0_171-b11) (build 1.8.0_171-b11)
# Java VM: Java HotSpot(TM) 64-Bit Server VM (25.171-b11 mixed mode linux-amd64 compressed oops)
# Failed to write core dump. Core dumps have been disabled. To enable core dumping, try "ulimit -c unlimited" before starting Java again
#

---------------  T H R E A D  ---------------

Current thread (0x00007fd79c142000):  VMThread [stack: 0x00007fd786a35000,0x00007fd786b35000] [id=42450]

Stack: [0x00007fd786a35000,0x00007fd786b35000],  sp=0x00007fd786b331c0,  free space=1016k
Native frames: (J=compiled Java code, j=interpreted, Vv=VM code, C=native code)
V  [libjvm.so+0xacfffa]  VMError::report_and_die()+0x2ba
V  [libjvm.so+0x5005cb]  report_vm_out_of_memory(char const*, int, unsigned long, VMErrorType, char const*)+0x8b
V  [libjvm.so+0x92dd93]  os::Linux::commit_memory_impl(char*, unsigned long, bool)+0x123
V  [libjvm.so+0x92dfb9]  os::pd_commit_memory(char*, unsigned long, unsigned long, bool)+0x29
V  [libjvm.so+0x92527a]  os::commit_memory(char*, unsigned long, unsigned long, bool)+0x2a
V  [libjvm.so+0x99b223]  PSVirtualSpace::expand_by(unsigned long)+0x53
V  [libjvm.so+0x98bae0]  PSOldGen::expand(unsigned long)+0x170
V  [libjvm.so+0x98bceb]  PSOldGen::resize(unsigned long)+0x1cb
V  [libjvm.so+0x9939f1]  PSParallelCompact::invoke_no_policy(bool)+0x991
V  [libjvm.so+0x99934d]  PSScavenge::invoke()+0x1ad
V  [libjvm.so+0x94fcb0]  ParallelScavengeHeap::failed_mem_allocate(unsigned long)+0x70
V  [libjvm.so+0xad1a77]  VM_ParallelGCFailedAllocation::doit()+0x97
V  [libjvm.so+0xad9595]  VM_Operation::evaluate()+0x55
V  [libjvm.so+0xad795a]  VMThread::evaluate_operation(VM_Operation*)+0xba
V  [libjvm.so+0xad7cde]  VMThread::loop()+0x1ce
V  [libjvm.so+0xad8150]  VMThread::run()+0x70
V  [libjvm.so+0x92e0f8]  java_start(Thread*)+0x108

VM_Operation (0x00007fd7a57e9f70): ParallelGCFailedAllocation, mode: safepoint, requested by thread 0x00007fd79c00c800


---------------  P R O C E S S  ---------------

Java Threads: ( => current thread )
  0x00007fd768001000 JavaThread "Attach Listener" daemon [_thread_blocked, id=42506, stack(0x00007fd785b35000,0x00007fd785c36000)]
  0x00007fd79c20a800 JavaThread "Service Thread" daemon [_thread_blocked, id=42466, stack(0x00007fd785d37000,0x00007fd785e38000)]
  0x00007fd79c207000 JavaThread "C1 CompilerThread2" daemon [_thread_blocked, id=42465, stack(0x00007fd785e39000,0x00007fd785f39000)]
  0x00007fd79c205000 JavaThread "C2 CompilerThread1" daemon [_thread_blocked, id=42464, stack(0x00007fd786151000,0x00007fd786251000)]
  0x00007fd79c203800 JavaThread "C2 CompilerThread0" daemon [_thread_blocked, id=42463, stack(0x00007fd786252000,0x00007fd786352000)]
  0x00007fd79c201800 JavaThread "Monitor Ctrl-Break" daemon [_thread_in_native, id=42462, stack(0x00007fd786352000,0x00007fd786453000)]
  0x00007fd79c180800 JavaThread "Signal Dispatcher" daemon [_thread_blocked, id=42455, stack(0x00007fd786453000,0x00007fd786554000)]
  0x00007fd79c14e000 JavaThread "Finalizer" daemon [_thread_blocked, id=42454, stack(0x00007fd786832000,0x00007fd786933000)]
  0x00007fd79c149800 JavaThread "Reference Handler" daemon [_thread_blocked, id=42452, stack(0x00007fd786933000,0x00007fd786a34000)]
  0x00007fd79c00c800 JavaThread "main" [_thread_blocked, id=42440, stack(0x00007fd7a56ec000,0x00007fd7a57ec000)]

Other Threads:
=>0x00007fd79c142000 VMThread [stack: 0x00007fd786a35000,0x00007fd786b35000] [id=42450]
  0x00007fd79c20f800 WatcherThread [stack: 0x00007fd785c37000,0x00007fd785d37000] [id=42467]

VM state:at safepoint (normal execution)

VM Mutex/Monitor currently owned by a thread:  ([mutex/lock_event])
[0x00007fd79c008940] ExpandHeap_lock - owner thread: 0x00007fd79c142000
[0x00007fd79c008fc0] Threads_lock - owner thread: 0x00007fd79c142000
[0x00007fd79c0094c0] Heap_lock - owner thread: 0x00007fd79c00c800

Heap:
 PSYoungGen      total 653312K, used 207774K [0x0000000784300000, 0x00000007c0000000, 0x00000007c0000000)
  eden space 326656K, 0% used [0x0000000784300000,0x0000000784300000,0x0000000798200000)
  from space 326656K, 63% used [0x00000007ac100000,0x00000007b8be7878,0x00000007c0000000)
  to   space 326656K, 0% used [0x0000000798200000,0x0000000798200000,0x00000007ac100000)
 ParOldGen       total 1037312K, used 1036944K [0x000000070c800000, 0x000000074bd00000, 0x0000000784300000)
  object space 1037312K, 99% used [0x000000070c800000,0x000000074bca43a8,0x000000074bd00000)
 Metaspace       used 4087K, capacity 4636K, committed 4864K, reserved 1056768K
  class space    used 456K, capacity 460K, committed 512K, reserved 1048576K

Card table byte_map: [0x00007fd7a1c18000,0x00007fd7a21b5000] byte_map_base: 0x00007fd79e3b4000

Marking Bits: (ParMarkBitMap*) 0x00007fd7a4b8e280
 Begin Bits: [0x00007fd787640000, 0x00007fd78a320000)
 End Bits:   [0x00007fd78a320000, 0x00007fd78d000000)

Polling page: 0x00007fd7a580b000

CodeCache: size=245760Kb used=1330Kb max_used=1344Kb free=244429Kb
 bounds [0x00007fd78d000000, 0x00007fd78d270000, 0x00007fd79c000000]
 total_blobs=374 nmethods=109 adapters=179
 compilation: enabled

Compilation events (10 events):
Event: 18.322 Thread 0x00007fd79c203800  105 %     4       com.nomad.xz.pdd.Main_2020::pailieFunc @ 132 (221 bytes)
Event: 18.330 Thread 0x00007fd79c203800 nmethod 105% 0x00007fd78d148e90 code [0x00007fd78d149040, 0x00007fd78d149938]
Event: 23.375 Thread 0x00007fd79c207000  106 %     3       com.nomad.xz.pdd.Main_2020::pailieFunc @ 132 (221 bytes)
Event: 23.377 Thread 0x00007fd79c207000 nmethod 106% 0x00007fd78d14a090 code [0x00007fd78d14a4a0, 0x00007fd78d14ca48]
Event: 23.379 Thread 0x00007fd79c205000  107 %     4       com.nomad.xz.pdd.Main_2020::pailieFunc @ 132 (221 bytes)
Event: 23.397 Thread 0x00007fd79c205000 nmethod 107% 0x00007fd78d14e390 code [0x00007fd78d14e620, 0x00007fd78d14fa30]
Event: 23.659 Thread 0x00007fd79c207000  108       3       java.nio.Buffer::position (43 bytes)
Event: 23.659 Thread 0x00007fd79c207000 nmethod 108 0x00007fd78d13a5d0 code [0x00007fd78d13a740, 0x00007fd78d13aa08]
Event: 25.393 Thread 0x00007fd79c207000  109       3       java.nio.Buffer::remaining (10 bytes)
Event: 25.394 Thread 0x00007fd79c207000 nmethod 109 0x00007fd78d13a2d0 code [0x00007fd78d13a420, 0x00007fd78d13a570]

GC Heap History (10 events):
Event: 28.039 GC heap after
Heap after GC invocations=15 (full 4):
 PSYoungGen      total 468480K, used 158017K [0x0000000784300000, 0x00000007bd980000, 0x00000007c0000000)
  eden space 215040K, 0% used [0x0000000784300000,0x0000000784300000,0x0000000791500000)
  from space 253440K, 62% used [0x0000000791500000,0x000000079af50700,0x00000007a0c80000)
  to   space 326656K, 0% used [0x00000007a9a80000,0x00000007a9a80000,0x00000007bd980000)
 ParOldGen       total 649728K, used 393285K [0x000000070c800000, 0x0000000734280000, 0x0000000784300000)
  object space 649728K, 60% used [0x000000070c800000,0x00000007248116d8,0x0000000734280000)
 Metaspace       used 4087K, capacity 4636K, committed 4864K, reserved 1056768K
  class space    used 456K, capacity 460K, committed 512K, reserved 1048576K
}
Event: 28.130 GC heap before
{Heap before GC invocations=16 (full 4):
 PSYoungGen      total 468480K, used 373057K [0x0000000784300000, 0x00000007bd980000, 0x00000007c0000000)
  eden space 215040K, 100% used [0x0000000784300000,0x0000000791500000,0x0000000791500000)
  from space 253440K, 62% used [0x0000000791500000,0x000000079af50700,0x00000007a0c80000)
  to   space 326656K, 0% used [0x00000007a9a80000,0x00000007a9a80000,0x00000007bd980000)
 ParOldGen       total 649728K, used 393285K [0x000000070c800000, 0x0000000734280000, 0x0000000784300000)
  object space 649728K, 60% used [0x000000070c800000,0x00000007248116d8,0x0000000734280000)
 Metaspace       used 4087K, capacity 4636K, committed 4864K, reserved 1056768K
  class space    used 456K, capacity 460K, committed 512K, reserved 1048576K
Event: 28.496 GC heap after
Heap after GC invocations=16 (full 4):
 PSYoungGen      total 600576K, used 326647K [0x0000000784300000, 0x00000007bd980000, 0x00000007c0000000)
  eden space 273920K, 0% used [0x0000000784300000,0x0000000784300000,0x0000000794e80000)
  from space 326656K, 99% used [0x00000007a9a80000,0x00000007bd97dc60,0x00000007bd980000)
  to   space 326656K, 0% used [0x0000000795b80000,0x0000000795b80000,0x00000007a9a80000)
 ParOldGen       total 649728K, used 440301K [0x000000070c800000, 0x0000000734280000, 0x0000000784300000)
  object space 649728K, 67% used [0x000000070c800000,0x00000007275fb6d8,0x0000000734280000)
 Metaspace       used 4087K, capacity 4636K, committed 4864K, reserved 1056768K
  class space    used 456K, capacity 460K, committed 512K, reserved 1048576K
}
Event: 28.613 GC heap before
{Heap before GC invocations=17 (full 4):
 PSYoungGen      total 600576K, used 600567K [0x0000000784300000, 0x00000007bd980000, 0x00000007c0000000)
  eden space 273920K, 100% used [0x0000000784300000,0x0000000794e80000,0x0000000794e80000)
  from space 326656K, 99% used [0x00000007a9a80000,0x00000007bd97dc60,0x00000007bd980000)
  to   space 326656K, 0% used [0x0000000795b80000,0x0000000795b80000,0x00000007a9a80000)
 ParOldGen       total 649728K, used 440301K [0x000000070c800000, 0x0000000734280000, 0x0000000784300000)
  object space 649728K, 67% used [0x000000070c800000,0x00000007275fb6d8,0x0000000734280000)
 Metaspace       used 4087K, capacity 4636K, committed 4864K, reserved 1056768K
  class space    used 456K, capacity 460K, committed 512K, reserved 1048576K
Event: 28.853 GC heap after
Heap after GC invocations=17 (full 4):
 PSYoungGen      total 613888K, used 326626K [0x0000000784300000, 0x00000007c0000000, 0x00000007c0000000)
  eden space 287232K, 0% used [0x0000000784300000,0x0000000784300000,0x0000000795b80000)
  from space 326656K, 99% used [0x0000000795b80000,0x00000007a9a78a88,0x00000007a9a80000)
  to   space 326656K, 0% used [0x00000007ac100000,0x00000007ac100000,0x00000007c0000000)
 ParOldGen       total 680960K, used 679461K [0x000000070c800000, 0x0000000736100000, 0x0000000784300000)
  object space 680960K, 99% used [0x000000070c800000,0x0000000735f896d8,0x0000000736100000)
 Metaspace       used 4087K, capacity 4636K, committed 4864K, reserved 1056768K
  class space    used 456K, capacity 460K, committed 512K, reserved 1048576K
}
Event: 28.853 GC heap before
{Heap before GC invocations=18 (full 5):
 PSYoungGen      total 613888K, used 326626K [0x0000000784300000, 0x00000007c0000000, 0x00000007c0000000)
  eden space 287232K, 0% used [0x0000000784300000,0x0000000784300000,0x0000000795b80000)
  from space 326656K, 99% used [0x0000000795b80000,0x00000007a9a78a88,0x00000007a9a80000)
  to   space 326656K, 0% used [0x00000007ac100000,0x00000007ac100000,0x00000007c0000000)
 ParOldGen       total 680960K, used 679461K [0x000000070c800000, 0x0000000736100000, 0x0000000784300000)
  object space 680960K, 99% used [0x000000070c800000,0x0000000735f896d8,0x0000000736100000)
 Metaspace       used 4087K, capacity 4636K, committed 4864K, reserved 1056768K
  class space    used 456K, capacity 460K, committed 512K, reserved 1048576K
Event: 31.013 GC heap after
Heap after GC invocations=18 (full 5):
 PSYoungGen      total 613888K, used 326360K [0x0000000784300000, 0x00000007c0000000, 0x00000007c0000000)
  eden space 287232K, 0% used [0x0000000784300000,0x0000000784300000,0x0000000795b80000)
  from space 326656K, 99% used [0x0000000795b80000,0x00000007a9a360d0,0x00000007a9a80000)
  to   space 326656K, 0% used [0x00000007ac100000,0x00000007ac100000,0x00000007c0000000)
 ParOldGen       total 993280K, used 653808K [0x000000070c800000, 0x0000000749200000, 0x0000000784300000)
  object space 993280K, 65% used [0x000000070c800000,0x000000073467c3a8,0x0000000749200000)
 Metaspace       used 4087K, capacity 4636K, committed 4864K, reserved 1056768K
  class space    used 456K, capacity 460K, committed 512K, reserved 1048576K
}
Event: 31.140 GC heap before
{Heap before GC invocations=19 (full 5):
 PSYoungGen      total 613888K, used 596192K [0x0000000784300000, 0x00000007c0000000, 0x00000007c0000000)
  eden space 287232K, 93% used [0x0000000784300000,0x0000000794a820a8,0x0000000795b80000)
  from space 326656K, 99% used [0x0000000795b80000,0x00000007a9a360d0,0x00000007a9a80000)
  to   space 326656K, 0% used [0x00000007ac100000,0x00000007ac100000,0x00000007c0000000)
 ParOldGen       total 993280K, used 653808K [0x000000070c800000, 0x0000000749200000, 0x0000000784300000)
  object space 993280K, 65% used [0x000000070c800000,0x000000073467c3a8,0x0000000749200000)
 Metaspace       used 4087K, capacity 4636K, committed 4864K, reserved 1056768K
  class space    used 456K, capacity 460K, committed 512K, reserved 1048576K
Event: 31.507 GC heap after
Heap after GC invocations=19 (full 5):
 PSYoungGen      total 653312K, used 264864K [0x0000000784300000, 0x00000007c0000000, 0x00000007c0000000)
  eden space 326656K, 0% used [0x0000000784300000,0x0000000784300000,0x0000000798200000)
  from space 326656K, 81% used [0x00000007ac100000,0x00000007bc3a8000,0x00000007c0000000)
  to   space 326656K, 0% used [0x0000000798200000,0x0000000798200000,0x00000007ac100000)
 ParOldGen       total 1037312K, used 1036006K [0x000000070c800000, 0x000000074bd00000, 0x0000000784300000)
  object space 1037312K, 99% used [0x000000070c800000,0x000000074bbb98b8,0x000000074bd00000)
 Metaspace       used 4087K, capacity 4636K, committed 4864K, reserved 1056768K
  class space    used 456K, capacity 460K, committed 512K, reserved 1048576K
}
Event: 31.507 GC heap before
{Heap before GC invocations=20 (full 6):
 PSYoungGen      total 653312K, used 264864K [0x0000000784300000, 0x00000007c0000000, 0x00000007c0000000)
  eden space 326656K, 0% used [0x0000000784300000,0x0000000784300000,0x0000000798200000)
  from space 326656K, 81% used [0x00000007ac100000,0x00000007bc3a8000,0x00000007c0000000)
  to   space 326656K, 0% used [0x0000000798200000,0x0000000798200000,0x00000007ac100000)
 ParOldGen       total 1037312K, used 1036006K [0x000000070c800000, 0x000000074bd00000, 0x0000000784300000)
  object space 1037312K, 99% used [0x000000070c800000,0x000000074bbb98b8,0x000000074bd00000)
 Metaspace       used 4087K, capacity 4636K, committed 4864K, reserved 1056768K
  class space    used 456K, capacity 460K, committed 512K, reserved 1048576K

Deoptimization events (1 events):
Event: 18.333 Thread 0x00007fd79c00c800 Uncommon trap: reason=unstable_if action=reinterpret pc=0x00007fd78d1496b4 method=com.nomad.xz.pdd.Main_2020.pailieFunc()V @ 139

Classes redefined (0 events):
No events

Internal exceptions (6 events):
Event: 0.016 Thread 0x00007fd79c00c800 Exception <a 'java/lang/NoSuchMethodError': Method sun.misc.Unsafe.defineClass(Ljava/lang/String;[BII)Ljava/lang/Class; name or signature does not match> (0x0000000784307cb0) thrown at [/HUDSON/workspace/8-2-build-linux-amd64/jdk8u171/10807/hotspot/src/sh
Event: 0.016 Thread 0x00007fd79c00c800 Exception <a 'java/lang/NoSuchMethodError': Method sun.misc.Unsafe.prefetchRead(Ljava/lang/Object;J)V name or signature does not match> (0x0000000784307f98) thrown at [/HUDSON/workspace/8-2-build-linux-amd64/jdk8u171/10807/hotspot/src/share/vm/prims/jni.c
Event: 0.063 Thread 0x00007fd79c00c800 Exception <a 'java/security/PrivilegedActionException'> (0x0000000784486700) thrown at [/HUDSON/workspace/8-2-build-linux-amd64/jdk8u171/10807/hotspot/src/share/vm/prims/jvm.cpp, line 1435]
Event: 0.063 Thread 0x00007fd79c00c800 Exception <a 'java/security/PrivilegedActionException'> (0x0000000784486af8) thrown at [/HUDSON/workspace/8-2-build-linux-amd64/jdk8u171/10807/hotspot/src/share/vm/prims/jvm.cpp, line 1435]
Event: 0.064 Thread 0x00007fd79c00c800 Exception <a 'java/security/PrivilegedActionException'> (0x00000007844890e0) thrown at [/HUDSON/workspace/8-2-build-linux-amd64/jdk8u171/10807/hotspot/src/share/vm/prims/jvm.cpp, line 1435]
Event: 0.064 Thread 0x00007fd79c00c800 Exception <a 'java/security/PrivilegedActionException'> (0x00000007844894d8) thrown at [/HUDSON/workspace/8-2-build-linux-amd64/jdk8u171/10807/hotspot/src/share/vm/prims/jvm.cpp, line 1435]

Events (10 events):
Event: 26.396 Executing VM operation: ParallelGCFailedAllocation done
Event: 26.474 Executing VM operation: ParallelGCFailedAllocation
Event: 26.617 Executing VM operation: ParallelGCFailedAllocation done
Event: 26.713 Executing VM operation: ParallelGCFailedAllocation
Event: 28.039 Executing VM operation: ParallelGCFailedAllocation done
Event: 28.130 Executing VM operation: ParallelGCFailedAllocation
Event: 28.496 Executing VM operation: ParallelGCFailedAllocation done
Event: 28.613 Executing VM operation: ParallelGCFailedAllocation
Event: 31.013 Executing VM operation: ParallelGCFailedAllocation done
Event: 31.140 Executing VM operation: ParallelGCFailedAllocation


Dynamic libraries:
00400000-00401000 r-xp 00000000 08:01 531143                             /usr/lib/jvm/jdk1.8.0_171/bin/java
00600000-00601000 rw-p 00000000 08:01 531143                             /usr/lib/jvm/jdk1.8.0_171/bin/java
01a15000-01a36000 rw-p 00000000 00:00 0                                  [heap]
70c800000-74bd00000 rw-p 00000000 00:00 0 
769400000-784300000 ---p 00000000 00:00 0 
784300000-7c0000000 rw-p 00000000 00:00 0 
7c0000000-7c0080000 rw-p 00000000 00:00 0 
7c0080000-800000000 ---p 00000000 00:00 0 
7fd740000000-7fd740021000 rw-p 00000000 00:00 0 
7fd740021000-7fd744000000 ---p 00000000 00:00 0 
7fd744000000-7fd744021000 rw-p 00000000 00:00 0 
7fd744021000-7fd748000000 ---p 00000000 00:00 0 
7fd748000000-7fd7480c2000 rw-p 00000000 00:00 0 
7fd7480c2000-7fd74c000000 ---p 00000000 00:00 0 
7fd750000000-7fd750021000 rw-p 00000000 00:00 0 
7fd750021000-7fd754000000 ---p 00000000 00:00 0 
7fd754000000-7fd754220000 rw-p 00000000 00:00 0 
7fd754220000-7fd758000000 ---p 00000000 00:00 0 
7fd758fff000-7fd75c000000 rw-p 00000000 00:00 0 
7fd75c000000-7fd75c021000 rw-p 00000000 00:00 0 
7fd75c021000-7fd760000000 ---p 00000000 00:00 0 
7fd760000000-7fd760216000 rw-p 00000000 00:00 0 
7fd760216000-7fd764000000 ---p 00000000 00:00 0 
7fd764000000-7fd764021000 rw-p 00000000 00:00 0 
7fd764021000-7fd768000000 ---p 00000000 00:00 0 
7fd768000000-7fd768021000 rw-p 00000000 00:00 0 
7fd768021000-7fd76c000000 ---p 00000000 00:00 0 
7fd76c000000-7fd76c021000 rw-p 00000000 00:00 0 
7fd76c021000-7fd770000000 ---p 00000000 00:00 0 
7fd770000000-7fd770021000 rw-p 00000000 00:00 0 
7fd770021000-7fd774000000 ---p 00000000 00:00 0 
7fd774000000-7fd774021000 rw-p 00000000 00:00 0 
7fd774021000-7fd778000000 ---p 00000000 00:00 0 
7fd778000000-7fd778cd6000 rw-p 00000000 00:00 0 
7fd778cd6000-7fd77c000000 ---p 00000000 00:00 0 
7fd77c000000-7fd77c927000 rw-p 00000000 00:00 0 
7fd77c927000-7fd780000000 ---p 00000000 00:00 0 
7fd780000000-7fd7802f5000 rw-p 00000000 00:00 0 
7fd7802f5000-7fd784000000 ---p 00000000 00:00 0 
7fd7858ad000-7fd785b35000 rw-p 00000000 00:00 0 
7fd785b35000-7fd785b38000 ---p 00000000 00:00 0 
7fd785b38000-7fd785c36000 rw-p 00000000 00:00 0 
7fd785c36000-7fd785c37000 ---p 00000000 00:00 0 
7fd785c37000-7fd785d37000 rw-p 00000000 00:00 0 
7fd785d37000-7fd785d3a000 ---p 00000000 00:00 0 
7fd785d3a000-7fd785e38000 rw-p 00000000 00:00 0 
7fd785e38000-7fd785e39000 ---p 00000000 00:00 0 
7fd785e39000-7fd785e3c000 ---p 00000000 00:00 0 
7fd785e3c000-7fd785f39000 rw-p 00000000 00:00 0 
7fd785f39000-7fd785f4f000 r-xp 00000000 08:01 534272                     /usr/lib/jvm/jdk1.8.0_171/jre/lib/amd64/libnet.so
7fd785f4f000-7fd78614f000 ---p 00016000 08:01 534272                     /usr/lib/jvm/jdk1.8.0_171/jre/lib/amd64/libnet.so
7fd78614f000-7fd786150000 rw-p 00016000 08:01 534272                     /usr/lib/jvm/jdk1.8.0_171/jre/lib/amd64/libnet.so
7fd786150000-7fd786151000 ---p 00000000 00:00 0 
7fd786151000-7fd786154000 ---p 00000000 00:00 0 
7fd786154000-7fd786251000 rw-p 00000000 00:00 0 
7fd786251000-7fd786252000 ---p 00000000 00:00 0 
7fd786252000-7fd786255000 ---p 00000000 00:00 0 
7fd786255000-7fd786352000 rw-p 00000000 00:00 0 
7fd786352000-7fd786355000 ---p 00000000 00:00 0 
7fd786355000-7fd786453000 rw-p 00000000 00:00 0 
7fd786453000-7fd786456000 ---p 00000000 00:00 0 
7fd786456000-7fd786554000 rw-p 00000000 00:00 0 
7fd786554000-7fd786832000 r--p 00000000 08:01 395474                     /usr/lib/locale/locale-archive
7fd786832000-7fd786835000 ---p 00000000 00:00 0 
7fd786835000-7fd786933000 rw-p 00000000 00:00 0 
7fd786933000-7fd786936000 ---p 00000000 00:00 0 
7fd786936000-7fd786a34000 rw-p 00000000 00:00 0 
7fd786a34000-7fd786a35000 ---p 00000000 00:00 0 
7fd786a35000-7fd78d000000 rw-p 00000000 00:00 0 
7fd78d000000-7fd78d270000 rwxp 00000000 00:00 0 
7fd78d270000-7fd79c000000 ---p 00000000 00:00 0 
7fd79c000000-7fd79c252000 rw-p 00000000 00:00 0 
7fd79c252000-7fd7a0000000 ---p 00000000 00:00 0 
7fd7a0004000-7fd7a0017000 r--s 00345000 08:01 534094                     /usr/lib/jvm/jdk1.8.0_171/jre/lib/resources.jar
7fd7a0017000-7fd7a046a000 rw-p 00000000 00:00 0 
7fd7a046a000-7fd7a0644000 r--s 03d68000 08:01 534056                     /usr/lib/jvm/jdk1.8.0_171/jre/lib/rt.jar
7fd7a0644000-7fd7a0afa000 rw-p 00000000 00:00 0 
7fd7a0afa000-7fd7a0eba000 ---p 00000000 00:00 0 
7fd7a0eba000-7fd7a1456000 rw-p 00000000 00:00 0 
7fd7a1456000-7fd7a1457000 ---p 00000000 00:00 0 
7fd7a1457000-7fd7a1557000 rw-p 00000000 00:00 0 
7fd7a1557000-7fd7a1558000 ---p 00000000 00:00 0 
7fd7a1558000-7fd7a1658000 rw-p 00000000 00:00 0 
7fd7a1658000-7fd7a1659000 ---p 00000000 00:00 0 
7fd7a1659000-7fd7a1759000 rw-p 00000000 00:00 0 
7fd7a1759000-7fd7a175a000 ---p 00000000 00:00 0 
7fd7a175a000-7fd7a1a55000 rw-p 00000000 00:00 0 
7fd7a1a55000-7fd7a1c18000 ---p 00000000 00:00 0 
7fd7a1c18000-7fd7a1e13000 rw-p 00000000 00:00 0 
7fd7a1e13000-7fd7a1fd5000 ---p 00000000 00:00 0 
7fd7a1fd5000-7fd7a21b4000 rw-p 00000000 00:00 0 
7fd7a21b4000-7fd7a21bf000 rw-p 00000000 00:00 0 
7fd7a21bf000-7fd7a2575000 ---p 00000000 00:00 0 
7fd7a2575000-7fd7a2590000 r-xp 00000000 08:01 534268                     /usr/lib/jvm/jdk1.8.0_171/jre/lib/amd64/libzip.so
7fd7a2590000-7fd7a2790000 ---p 0001b000 08:01 534268                     /usr/lib/jvm/jdk1.8.0_171/jre/lib/amd64/libzip.so
7fd7a2790000-7fd7a2791000 rw-p 0001b000 08:01 534268                     /usr/lib/jvm/jdk1.8.0_171/jre/lib/amd64/libzip.so
7fd7a2791000-7fd7a279c000 r-xp 00000000 08:01 919062                     /lib/x86_64-linux-gnu/libnss_files-2.27.so
7fd7a279c000-7fd7a299b000 ---p 0000b000 08:01 919062                     /lib/x86_64-linux-gnu/libnss_files-2.27.so
7fd7a299b000-7fd7a299c000 r--p 0000a000 08:01 919062                     /lib/x86_64-linux-gnu/libnss_files-2.27.so
7fd7a299c000-7fd7a299d000 rw-p 0000b000 08:01 919062                     /lib/x86_64-linux-gnu/libnss_files-2.27.so
7fd7a299d000-7fd7a29a3000 rw-p 00000000 00:00 0 
7fd7a29a3000-7fd7a29ba000 r-xp 00000000 08:01 919059                     /lib/x86_64-linux-gnu/libnsl-2.27.so
7fd7a29ba000-7fd7a2bb9000 ---p 00017000 08:01 919059                     /lib/x86_64-linux-gnu/libnsl-2.27.so
7fd7a2bb9000-7fd7a2bba000 r--p 00016000 08:01 919059                     /lib/x86_64-linux-gnu/libnsl-2.27.so
7fd7a2bba000-7fd7a2bbb000 rw-p 00017000 08:01 919059                     /lib/x86_64-linux-gnu/libnsl-2.27.so
7fd7a2bbb000-7fd7a2bbd000 rw-p 00000000 00:00 0 
7fd7a2bbd000-7fd7a2bc8000 r-xp 00000000 08:01 919064                     /lib/x86_64-linux-gnu/libnss_nis-2.27.so
7fd7a2bc8000-7fd7a2dc7000 ---p 0000b000 08:01 919064                     /lib/x86_64-linux-gnu/libnss_nis-2.27.so
7fd7a2dc7000-7fd7a2dc8000 r--p 0000a000 08:01 919064                     /lib/x86_64-linux-gnu/libnss_nis-2.27.so
7fd7a2dc8000-7fd7a2dc9000 rw-p 0000b000 08:01 919064                     /lib/x86_64-linux-gnu/libnss_nis-2.27.so
7fd7a2dc9000-7fd7a2dd1000 r-xp 00000000 08:01 919060                     /lib/x86_64-linux-gnu/libnss_compat-2.27.so
7fd7a2dd1000-7fd7a2fd1000 ---p 00008000 08:01 919060                     /lib/x86_64-linux-gnu/libnss_compat-2.27.so
7fd7a2fd1000-7fd7a2fd2000 r--p 00008000 08:01 919060                     /lib/x86_64-linux-gnu/libnss_compat-2.27.so
7fd7a2fd2000-7fd7a2fd3000 rw-p 00009000 08:01 919060                     /lib/x86_64-linux-gnu/libnss_compat-2.27.so
7fd7a2fd3000-7fd7a2fdd000 r-xp 00000000 08:01 534277                     /usr/lib/jvm/jdk1.8.0_171/jre/lib/amd64/libinstrument.so
7fd7a2fdd000-7fd7a31dc000 ---p 0000a000 08:01 534277                     /usr/lib/jvm/jdk1.8.0_171/jre/lib/amd64/libinstrument.so
7fd7a31dc000-7fd7a31dd000 rw-p 00009000 08:01 534277                     /usr/lib/jvm/jdk1.8.0_171/jre/lib/amd64/libinstrument.so
7fd7a31dd000-7fd7a3208000 r-xp 00000000 08:01 534262                     /usr/lib/jvm/jdk1.8.0_171/jre/lib/amd64/libjava.so
7fd7a3208000-7fd7a3407000 ---p 0002b000 08:01 534262                     /usr/lib/jvm/jdk1.8.0_171/jre/lib/amd64/libjava.so
7fd7a3407000-7fd7a3409000 rw-p 0002a000 08:01 534262                     /usr/lib/jvm/jdk1.8.0_171/jre/lib/amd64/libjava.so
7fd7a3409000-7fd7a3416000 r-xp 00000000 08:01 534267                     /usr/lib/jvm/jdk1.8.0_171/jre/lib/amd64/libverify.so
7fd7a3416000-7fd7a3616000 ---p 0000d000 08:01 534267                     /usr/lib/jvm/jdk1.8.0_171/jre/lib/amd64/libverify.so
7fd7a3616000-7fd7a3618000 rw-p 0000d000 08:01 534267                     /usr/lib/jvm/jdk1.8.0_171/jre/lib/amd64/libverify.so
7fd7a3618000-7fd7a361f000 r-xp 00000000 08:01 919069                     /lib/x86_64-linux-gnu/librt-2.27.so
7fd7a361f000-7fd7a381e000 ---p 00007000 08:01 919069                     /lib/x86_64-linux-gnu/librt-2.27.so
7fd7a381e000-7fd7a381f000 r--p 00006000 08:01 919069                     /lib/x86_64-linux-gnu/librt-2.27.so
7fd7a381f000-7fd7a3820000 rw-p 00007000 08:01 919069                     /lib/x86_64-linux-gnu/librt-2.27.so
7fd7a3820000-7fd7a39bd000 r-xp 00000000 08:01 919056                     /lib/x86_64-linux-gnu/libm-2.27.so
7fd7a39bd000-7fd7a3bbc000 ---p 0019d000 08:01 919056                     /lib/x86_64-linux-gnu/libm-2.27.so
7fd7a3bbc000-7fd7a3bbd000 r--p 0019c000 08:01 919056                     /lib/x86_64-linux-gnu/libm-2.27.so
7fd7a3bbd000-7fd7a3bbe000 rw-p 0019d000 08:01 919056                     /lib/x86_64-linux-gnu/libm-2.27.so
7fd7a3bbe000-7fd7a4897000 r-xp 00000000 08:01 534244                     /usr/lib/jvm/jdk1.8.0_171/jre/lib/amd64/server/libjvm.so
7fd7a4897000-7fd7a4a96000 ---p 00cd9000 08:01 534244                     /usr/lib/jvm/jdk1.8.0_171/jre/lib/amd64/server/libjvm.so
7fd7a4a96000-7fd7a4b70000 rw-p 00cd8000 08:01 534244                     /usr/lib/jvm/jdk1.8.0_171/jre/lib/amd64/server/libjvm.so
7fd7a4b70000-7fd7a4bbb000 rw-p 00000000 00:00 0 
7fd7a4bbb000-7fd7a4da2000 r-xp 00000000 08:01 919052                     /lib/x86_64-linux-gnu/libc-2.27.so
7fd7a4da2000-7fd7a4fa2000 ---p 001e7000 08:01 919052                     /lib/x86_64-linux-gnu/libc-2.27.so
7fd7a4fa2000-7fd7a4fa6000 r--p 001e7000 08:01 919052                     /lib/x86_64-linux-gnu/libc-2.27.so
7fd7a4fa6000-7fd7a4fa8000 rw-p 001eb000 08:01 919052                     /lib/x86_64-linux-gnu/libc-2.27.so
7fd7a4fa8000-7fd7a4fac000 rw-p 00000000 00:00 0 
7fd7a4fac000-7fd7a4faf000 r-xp 00000000 08:01 919055                     /lib/x86_64-linux-gnu/libdl-2.27.so
7fd7a4faf000-7fd7a51ae000 ---p 00003000 08:01 919055                     /lib/x86_64-linux-gnu/libdl-2.27.so
7fd7a51ae000-7fd7a51af000 r--p 00002000 08:01 919055                     /lib/x86_64-linux-gnu/libdl-2.27.so
7fd7a51af000-7fd7a51b0000 rw-p 00003000 08:01 919055                     /lib/x86_64-linux-gnu/libdl-2.27.so
7fd7a51b0000-7fd7a51c6000 r-xp 00000000 08:01 533881                     /usr/lib/jvm/jdk1.8.0_171/lib/amd64/jli/libjli.so
7fd7a51c6000-7fd7a53c5000 ---p 00016000 08:01 533881                     /usr/lib/jvm/jdk1.8.0_171/lib/amd64/jli/libjli.so
7fd7a53c5000-7fd7a53c6000 rw-p 00015000 08:01 533881                     /usr/lib/jvm/jdk1.8.0_171/lib/amd64/jli/libjli.so
7fd7a53c6000-7fd7a53e0000 r-xp 00000000 08:01 919067                     /lib/x86_64-linux-gnu/libpthread-2.27.so
7fd7a53e0000-7fd7a55df000 ---p 0001a000 08:01 919067                     /lib/x86_64-linux-gnu/libpthread-2.27.so
7fd7a55df000-7fd7a55e0000 r--p 00019000 08:01 919067                     /lib/x86_64-linux-gnu/libpthread-2.27.so
7fd7a55e0000-7fd7a55e1000 rw-p 0001a000 08:01 919067                     /lib/x86_64-linux-gnu/libpthread-2.27.so
7fd7a55e1000-7fd7a55e5000 rw-p 00000000 00:00 0 
7fd7a55e5000-7fd7a560c000 r-xp 00000000 08:01 915794                     /lib/x86_64-linux-gnu/ld-2.27.so
7fd7a5618000-7fd7a561a000 r--s 0001b000 08:03 1313476                    /home/gao/Downloads/idea-IU-191.7479.19/lib/idea_rt.jar
7fd7a561a000-7fd7a561d000 r--s 00015000 08:01 685803                     /home/gao/.m2/repository/javax/servlet/javax.servlet-api/3.1.0/javax.servlet-api-3.1.0.jar
7fd7a561d000-7fd7a5630000 r--s 000d6000 08:01 533998                     /usr/lib/jvm/jdk1.8.0_171/jre/lib/plugin.jar
7fd7a5630000-7fd7a5635000 r--s 0009d000 08:01 534113                     /usr/lib/jvm/jdk1.8.0_171/jre/lib/jsse.jar
7fd7a5635000-7fd7a5637000 r--s 00007000 08:01 534290                     /usr/lib/jvm/jdk1.8.0_171/jre/lib/jfxswt.jar
7fd7a5637000-7fd7a563c000 r--s 00084000 08:01 533973                     /usr/lib/jvm/jdk1.8.0_171/jre/lib/jfr.jar
7fd7a563c000-7fd7a5657000 r--s 0020c000 08:01 533974                     /usr/lib/jvm/jdk1.8.0_171/jre/lib/deploy.jar
7fd7a5657000-7fd7a56eb000 rw-p 00000000 00:00 0 
7fd7a56eb000-7fd7a56ec000 ---p 00000000 00:00 0 
7fd7a56ec000-7fd7a56ef000 ---p 00000000 00:00 0 
7fd7a56ef000-7fd7a57f0000 rw-p 00000000 00:00 0 
7fd7a57f0000-7fd7a57f1000 r--s 00000000 08:01 533980                     /usr/lib/jvm/jdk1.8.0_171/jre/lib/management-agent.jar
7fd7a57f1000-7fd7a57f4000 r--s 0001a000 08:01 534288                     /usr/lib/jvm/jdk1.8.0_171/jre/lib/jce.jar
7fd7a57f4000-7fd7a57fd000 r--s 0006d000 08:01 533983                     /usr/lib/jvm/jdk1.8.0_171/jre/lib/javaws.jar
7fd7a57fd000-7fd7a5802000 r--s 002f9000 08:01 534054                     /usr/lib/jvm/jdk1.8.0_171/jre/lib/charsets.jar
7fd7a5802000-7fd7a580a000 rw-s 00000000 08:01 265373                     /tmp/hsperfdata_gao/42439
7fd7a580a000-7fd7a580b000 rw-p 00000000 00:00 0 
7fd7a580b000-7fd7a580c000 ---p 00000000 00:00 0 
7fd7a580c000-7fd7a580d000 r--p 00027000 08:01 915794                     /lib/x86_64-linux-gnu/ld-2.27.so
7fd7a580d000-7fd7a580e000 rw-p 00028000 08:01 915794                     /lib/x86_64-linux-gnu/ld-2.27.so
7fd7a580e000-7fd7a580f000 rw-p 00000000 00:00 0 
7ffdb9416000-7ffdb9437000 rw-p 00000000 00:00 0                          [stack]
7ffdb9475000-7ffdb9478000 r--p 00000000 00:00 0                          [vvar]
7ffdb9478000-7ffdb947a000 r-xp 00000000 00:00 0                          [vdso]
ffffffffff600000-ffffffffff601000 r-xp 00000000 00:00 0                  [vsyscall]

VM Arguments:
jvm_args: -javaagent:/home/gao/Downloads/idea-IU-191.7479.19/lib/idea_rt.jar=43473:/home/gao/Downloads/idea-IU-191.7479.19/bin -Dfile.encoding=UTF-8 
java_command: com.nomad.xz.pdd.Main_2020
java_class_path (initial): /usr/lib/jvm/jdk1.8.0_171/jre/lib/charsets.jar:/usr/lib/jvm/jdk1.8.0_171/jre/lib/deploy.jar:/usr/lib/jvm/jdk1.8.0_171/jre/lib/ext/cldrdata.jar:/usr/lib/jvm/jdk1.8.0_171/jre/lib/ext/dnsns.jar:/usr/lib/jvm/jdk1.8.0_171/jre/lib/ext/jaccess.jar:/usr/lib/jvm/jdk1.8.0_171/jre/lib/ext/jfxrt.jar:/usr/lib/jvm/jdk1.8.0_171/jre/lib/ext/localedata.jar:/usr/lib/jvm/jdk1.8.0_171/jre/lib/ext/nashorn.jar:/usr/lib/jvm/jdk1.8.0_171/jre/lib/ext/sunec.jar:/usr/lib/jvm/jdk1.8.0_171/jre/lib/ext/sunjce_provider.jar:/usr/lib/jvm/jdk1.8.0_171/jre/lib/ext/sunpkcs11.jar:/usr/lib/jvm/jdk1.8.0_171/jre/lib/ext/zipfs.jar:/usr/lib/jvm/jdk1.8.0_171/jre/lib/javaws.jar:/usr/lib/jvm/jdk1.8.0_171/jre/lib/jce.jar:/usr/lib/jvm/jdk1.8.0_171/jre/lib/jfr.jar:/usr/lib/jvm/jdk1.8.0_171/jre/lib/jfxswt.jar:/usr/lib/jvm/jdk1.8.0_171/jre/lib/jsse.jar:/usr/lib/jvm/jdk1.8.0_171/jre/lib/management-agent.jar:/usr/lib/jvm/jdk1.8.0_171/jre/lib/plugin.jar:/usr/lib/jvm/jdk1.8.0_171/jre/lib/resources.jar:/usr/lib/jvm/jdk1.8.0_171/jre/lib/rt.jar:/home/gao/Documents/algorithm/target/classes:/home/gao/.m2/repository/javax/servlet/javax.servlet-api/3.1.0/javax.servlet-api-3.1.0.jar:/home/gao/Downloads/idea-IU-191.7479.19/lib/idea_rt.jar
Launcher Type: SUN_STANDARD

Environment Variables:
JAVA_HOME=/usr/lib/jvm/jdk1.8.0_171
CLASSPATH=/home/gao/Downloads/aspectj1.9/lib/aspectjrt.jar:/usr/lib/jvm/jdk1.8.0_171/lib
PATH=/home/gao/bin:/home/gao/.local/bin:/usr/local/redis/redis-4.0.9.tar_files/redis-4.0.9/src:/home/gao/Downloads/aspectj1.9/bin:/usr/local/mysql/bin:/usr/lib/jvm/jdk1.8.0_171/bin:/usr/local/sbin:/usr/local/bin:/usr/sbin:/usr/bin:/sbin:/bin:/usr/games:/usr/local/games:/snap/bin
SHELL=/bin/bash
DISPLAY=:0

Signal Handlers:
SIGSEGV: [libjvm.so+0xad0890], sa_mask[0]=11111111011111111101111111111110, sa_flags=SA_RESTART|SA_SIGINFO
SIGBUS: [libjvm.so+0xad0890], sa_mask[0]=11111111011111111101111111111110, sa_flags=SA_RESTART|SA_SIGINFO
SIGFPE: [libjvm.so+0x928640], sa_mask[0]=11111111011111111101111111111110, sa_flags=SA_RESTART|SA_SIGINFO
SIGPIPE: [libjvm.so+0x928640], sa_mask[0]=11111111011111111101111111111110, sa_flags=SA_RESTART|SA_SIGINFO
SIGXFSZ: [libjvm.so+0x928640], sa_mask[0]=11111111011111111101111111111110, sa_flags=SA_RESTART|SA_SIGINFO
SIGILL: [libjvm.so+0x928640], sa_mask[0]=11111111011111111101111111111110, sa_flags=SA_RESTART|SA_SIGINFO
SIGUSR1: SIG_DFL, sa_mask[0]=00000000000000000000000000000000, sa_flags=none
SIGUSR2: [libjvm.so+0x929ea0], sa_mask[0]=00100000000000000000000000000000, sa_flags=SA_RESTART|SA_SIGINFO
SIGHUP: [libjvm.so+0x92b2a0], sa_mask[0]=11111111011111111101111111111110, sa_flags=SA_RESTART|SA_SIGINFO
SIGINT: [libjvm.so+0x92b2a0], sa_mask[0]=11111111011111111101111111111110, sa_flags=SA_RESTART|SA_SIGINFO
SIGTERM: [libjvm.so+0x92b2a0], sa_mask[0]=11111111011111111101111111111110, sa_flags=SA_RESTART|SA_SIGINFO
SIGQUIT: [libjvm.so+0x92b2a0], sa_mask[0]=11111111011111111101111111111110, sa_flags=SA_RESTART|SA_SIGINFO


---------------  S Y S T E M  ---------------

OS:DISTRIB_ID=Ubuntu
DISTRIB_RELEASE=18.04
DISTRIB_CODENAME=bionic
DISTRIB_DESCRIPTION="Ubuntu 18.04.4 LTS"

uname:Linux 4.15.0-103-generic #104-Ubuntu SMP Fri May 29 13:24:32 UTC 2020 x86_64
libc:glibc 2.27 NPTL 2.27 
rlimit: STACK 8192k, CORE 0k, NPROC 45751, NOFILE 1048576, AS infinity
load average:0.85 0.59 0.60

/proc/meminfo:
MemTotal:       11757304 kB
MemFree:          200012 kB
MemAvailable:     200936 kB
Buffers:            1800 kB
Cached:           592608 kB
SwapCached:        13092 kB
Active:         10008836 kB
Inactive:        1117564 kB
Active(anon):    9922156 kB
Inactive(anon):  1028196 kB
Active(file):      86680 kB
Inactive(file):    89368 kB
Unevictable:          48 kB
Mlocked:              48 kB
SwapTotal:        998396 kB
SwapFree:              0 kB
Dirty:                56 kB
Writeback:             0 kB
AnonPages:      10519216 kB
Mapped:           565164 kB
Shmem:            418360 kB
Slab:             209284 kB
SReclaimable:     120072 kB
SUnreclaim:        89212 kB
KernelStack:       20576 kB
PageTables:        83872 kB
NFS_Unstable:          0 kB
Bounce:                0 kB
WritebackTmp:          0 kB
CommitLimit:     6877048 kB
Committed_AS:   17902896 kB
VmallocTotal:   34359738367 kB
VmallocUsed:           0 kB
VmallocChunk:          0 kB
HardwareCorrupted:     0 kB
AnonHugePages:         0 kB
ShmemHugePages:        0 kB
ShmemPmdMapped:        0 kB
CmaTotal:              0 kB
CmaFree:               0 kB
HugePages_Total:       0
HugePages_Free:        0
HugePages_Rsvd:        0
HugePages_Surp:        0
Hugepagesize:       2048 kB
DirectMap4k:     1523520 kB
DirectMap2M:    10534912 kB
DirectMap1G:           0 kB


CPU:total 4 (initial active 4) (1 cores per cpu, 1 threads per core) family 6 model 158 stepping 13, cmov, cx8, fxsr, mmx, sse, sse2, sse3, ssse3, sse4.1, sse4.2, popcnt, avx, avx2, aes, clmul, erms, 3dnowpref, lzcnt, tsc, tscinvbit, bmi1, bmi2, adx

/proc/cpuinfo:
processor	: 0
vendor_id	: GenuineIntel
cpu family	: 6
model		: 158
model name	: Intel(R) Core(TM) i7-9700 CPU @ 3.00GHz
stepping	: 13
microcode	: 0xca
cpu MHz		: 2999.998
cache size	: 12288 KB
physical id	: 0
siblings	: 1
core id		: 0
cpu cores	: 1
apicid		: 0
initial apicid	: 0
fpu		: yes
fpu_exception	: yes
cpuid level	: 22
wp		: yes
flags		: fpu vme de pse tsc msr pae mce cx8 apic sep mtrr pge mca cmov pat pse36 clflush mmx fxsr sse sse2 ss syscall nx pdpe1gb rdtscp lm constant_tsc arch_perfmon nopl xtopology tsc_reliable nonstop_tsc cpuid pni pclmulqdq ssse3 fma cx16 pcid sse4_1 sse4_2 x2apic movbe popcnt tsc_deadline_timer aes xsave avx f16c rdrand hypervisor lahf_lm abm 3dnowprefetch cpuid_fault invpcid_single ssbd ibrs ibpb stibp ibrs_enhanced fsgsbase tsc_adjust bmi1 avx2 smep bmi2 invpcid rdseed adx smap clflushopt xsaveopt xsavec xsaves arat md_clear flush_l1d arch_capabilities
bugs		: spectre_v1 spectre_v2 spec_store_bypass swapgs itlb_multihit
bogomips	: 5999.99
clflush size	: 64
cache_alignment	: 64
address sizes	: 43 bits physical, 48 bits virtual
power management:

processor	: 1
vendor_id	: GenuineIntel
cpu family	: 6
model		: 158
model name	: Intel(R) Core(TM) i7-9700 CPU @ 3.00GHz
stepping	: 13
microcode	: 0xca
cpu MHz		: 2999.998
cache size	: 12288 KB
physical id	: 2
siblings	: 1
core id		: 0
cpu cores	: 1
apicid		: 2
initial apicid	: 2
fpu		: yes
fpu_exception	: yes
cpuid level	: 22
wp		: yes
flags		: fpu vme de pse tsc msr pae mce cx8 apic sep mtrr pge mca cmov pat pse36 clflush mmx fxsr sse sse2 ss syscall nx pdpe1gb rdtscp lm constant_tsc arch_perfmon nopl xtopology tsc_reliable nonstop_tsc cpuid pni pclmulqdq ssse3 fma cx16 pcid sse4_1 sse4_2 x2apic movbe popcnt tsc_deadline_timer aes xsave avx f16c rdrand hypervisor lahf_lm abm 3dnowprefetch cpuid_fault invpcid_single ssbd ibrs ibpb stibp ibrs_enhanced fsgsbase tsc_adjust bmi1 avx2 smep bmi2 invpcid rdseed adx smap clflushopt xsaveopt xsavec xsaves arat md_clear flush_l1d arch_capabilities
bugs		: spectre_v1 spectre_v2 spec_store_bypass swapgs itlb_multihit
bogomips	: 5999.99
clflush size	: 64
cache_alignment	: 64
address sizes	: 43 bits physical, 48 bits virtual
power management:

processor	: 2
vendor_id	: GenuineIntel
cpu family	: 6
model		: 158
model name	: Intel(R) Core(TM) i7-9700 CPU @ 3.00GHz
stepping	: 13
microcode	: 0xca
cpu MHz		: 2999.998
cache size	: 12288 KB
physical id	: 4
siblings	: 1
core id		: 0
cpu cores	: 1
apicid		: 4
initial apicid	: 4
fpu		: yes
fpu_exception	: yes
cpuid level	: 22
wp		: yes
flags		: fpu vme de pse tsc msr pae mce cx8 apic sep mtrr pge mca cmov pat pse36 clflush mmx fxsr sse sse2 ss syscall nx pdpe1gb rdtscp lm constant_tsc arch_perfmon nopl xtopology tsc_reliable nonstop_tsc cpuid pni pclmulqdq ssse3 fma cx16 pcid sse4_1 sse4_2 x2apic movbe popcnt tsc_deadline_timer aes xsave avx f16c rdrand hypervisor lahf_lm abm 3dnowprefetch cpuid_fault invpcid_single ssbd ibrs ibpb stibp ibrs_enhanced fsgsbase tsc_adjust bmi1 avx2 smep bmi2 invpcid rdseed adx smap clflushopt xsaveopt xsavec xsaves arat md_clear flush_l1d arch_capabilities
bugs		: spectre_v1 spectre_v2 spec_store_bypass swapgs itlb_multihit
bogomips	: 5999.99
clflush size	: 64
cache_alignment	: 64
address sizes	: 43 bits physical, 48 bits virtual
power management:

processor	: 3
vendor_id	: GenuineIntel
cpu family	: 6
model		: 158
model name	: Intel(R) Core(TM) i7-9700 CPU @ 3.00GHz
stepping	: 13
microcode	: 0xca
cpu MHz		: 2999.998
cache size	: 12288 KB
physical id	: 6
siblings	: 1
core id		: 0
cpu cores	: 1
apicid		: 6
initial apicid	: 6
fpu		: yes
fpu_exception	: yes
cpuid level	: 22
wp		: yes
flags		: fpu vme de pse tsc msr pae mce cx8 apic sep mtrr pge mca cmov pat pse36 clflush mmx fxsr sse sse2 ss syscall nx pdpe1gb rdtscp lm constant_tsc arch_perfmon nopl xtopology tsc_reliable nonstop_tsc cpuid pni pclmulqdq ssse3 fma cx16 pcid sse4_1 sse4_2 x2apic movbe popcnt tsc_deadline_timer aes xsave avx f16c rdrand hypervisor lahf_lm abm 3dnowprefetch cpuid_fault invpcid_single ssbd ibrs ibpb stibp ibrs_enhanced fsgsbase tsc_adjust bmi1 avx2 smep bmi2 invpcid rdseed adx smap clflushopt xsaveopt xsavec xsaves arat md_clear flush_l1d arch_capabilities
bugs		: spectre_v1 spectre_v2 spec_store_bypass swapgs itlb_multihit
bogomips	: 5999.99
clflush size	: 64
cache_alignment	: 64
address sizes	: 43 bits physical, 48 bits virtual
power management:



Memory: 4k page, physical 11757304k(200012k free), swap 998396k(0k free)

vm_info: Java HotSpot(TM) 64-Bit Server VM (25.171-b11) for linux-amd64 JRE (1.8.0_171-b11), built on Mar 28 2018 17:07:08 by "java_re" with gcc 4.3.0 20080428 (Red Hat 4.3.0-8)

time: Tue Aug 18 10:52:05 2020
elapsed time: 34 seconds (0d 0h 0m 34s)

